2022-03-12 16:06:44,463 INFO org.springframework.boot.StartupInfoLogger [restartedMain] Starting Application using Java 1.8.0_322 on ESTEBAN-BELTRAN with PID 11576 (C:\Users\esteban.beltran\Documents\Proyectos JAVA\java-arquitectura-hexagonal\microservicio\build\classes\java\main started by esteban.beltran in C:\Users\esteban.beltran\Documents\Proyectos JAVA\java-arquitectura-hexagonal\microservicio)
2022-03-12 16:06:44,463 INFO org.springframework.boot.SpringApplication [restartedMain] No active profile set, falling back to default profiles: default
2022-03-12 16:06:44,541 INFO org.springframework.boot.logging.DeferredLog [restartedMain] Devtools property defaults active! Set 'spring.devtools.add-properties' to 'false' to disable
2022-03-12 16:06:44,557 INFO org.springframework.boot.logging.DeferredLog [restartedMain] For additional web related logging consider setting the 'logging.level.web' property to 'DEBUG'
2022-03-12 16:06:47,750 INFO com.ulisesbocchio.jasyptspringboot.configuration.EnableEncryptablePropertiesBeanFactoryPostProcessor [restartedMain] Post-processing PropertySource instances
2022-03-12 16:06:47,859 INFO com.ulisesbocchio.jasyptspringboot.EncryptablePropertySourceConverter [restartedMain] Converting PropertySource configurationProperties [org.springframework.boot.context.properties.source.ConfigurationPropertySourcesPropertySource] to AOP Proxy
2022-03-12 16:06:47,859 INFO com.ulisesbocchio.jasyptspringboot.EncryptablePropertySourceConverter [restartedMain] Converting PropertySource servletConfigInitParams [org.springframework.core.env.PropertySource$StubPropertySource] to EncryptablePropertySourceWrapper
2022-03-12 16:06:47,859 INFO com.ulisesbocchio.jasyptspringboot.EncryptablePropertySourceConverter [restartedMain] Converting PropertySource servletContextInitParams [org.springframework.core.env.PropertySource$StubPropertySource] to EncryptablePropertySourceWrapper
2022-03-12 16:06:47,859 INFO com.ulisesbocchio.jasyptspringboot.EncryptablePropertySourceConverter [restartedMain] Converting PropertySource systemProperties [org.springframework.core.env.PropertiesPropertySource] to EncryptableMapPropertySourceWrapper
2022-03-12 16:06:47,859 INFO com.ulisesbocchio.jasyptspringboot.EncryptablePropertySourceConverter [restartedMain] Converting PropertySource systemEnvironment [org.springframework.boot.env.SystemEnvironmentPropertySourceEnvironmentPostProcessor$OriginAwareSystemEnvironmentPropertySource] to EncryptableMapPropertySourceWrapper
2022-03-12 16:06:47,859 INFO com.ulisesbocchio.jasyptspringboot.EncryptablePropertySourceConverter [restartedMain] Converting PropertySource random [org.springframework.boot.env.RandomValuePropertySource] to EncryptablePropertySourceWrapper
2022-03-12 16:06:47,859 INFO com.ulisesbocchio.jasyptspringboot.EncryptablePropertySourceConverter [restartedMain] Converting PropertySource Config resource 'class path resource [application.yaml]' via location 'optional:classpath:/' [org.springframework.boot.env.OriginTrackedMapPropertySource] to EncryptableMapPropertySourceWrapper
2022-03-12 16:06:47,859 INFO com.ulisesbocchio.jasyptspringboot.EncryptablePropertySourceConverter [restartedMain] Converting PropertySource devtools [org.springframework.core.env.MapPropertySource] to EncryptableMapPropertySourceWrapper
2022-03-12 16:06:47,906 INFO com.ulisesbocchio.jasyptspringboot.filter.DefaultLazyPropertyFilter [restartedMain] Property Filter custom Bean not found with name 'encryptablePropertyFilter'. Initializing Default Property Filter
2022-03-12 16:06:48,125 INFO com.ulisesbocchio.jasyptspringboot.resolver.DefaultLazyPropertyResolver [restartedMain] Property Resolver custom Bean not found with name 'encryptablePropertyResolver'. Initializing Default Property Resolver
2022-03-12 16:06:48,125 INFO com.ulisesbocchio.jasyptspringboot.detector.DefaultLazyPropertyDetector [restartedMain] Property Detector custom Bean not found with name 'encryptablePropertyDetector'. Initializing Default Property Detector
2022-03-12 16:06:48,500 INFO org.springframework.boot.web.embedded.tomcat.TomcatWebServer [restartedMain] Tomcat initialized with port(s): 8083 (http)
2022-03-12 16:06:48,515 INFO org.apache.juli.logging.DirectJDKLog [restartedMain] Initializing ProtocolHandler ["http-nio-8083"]
2022-03-12 16:06:48,515 INFO org.apache.juli.logging.DirectJDKLog [restartedMain] Starting service [Tomcat]
2022-03-12 16:06:48,515 INFO org.apache.juli.logging.DirectJDKLog [restartedMain] Starting Servlet engine: [Apache Tomcat/9.0.50]
2022-03-12 16:06:48,687 INFO org.apache.juli.logging.DirectJDKLog [restartedMain] Initializing Spring embedded WebApplicationContext
2022-03-12 16:06:48,687 INFO org.springframework.boot.web.servlet.context.ServletWebServerApplicationContext [restartedMain] Root WebApplicationContext: initialization completed in 4130 ms
2022-03-12 16:06:49,015 INFO com.zaxxer.hikari.HikariDataSource [restartedMain] pool - Starting...
2022-03-12 16:06:49,859 INFO com.zaxxer.hikari.HikariDataSource [restartedMain] pool - Start completed.
2022-03-12 16:06:49,890 INFO org.flywaydb.core.internal.logging.slf4j.Slf4jLog [restartedMain] Flyway Community Edition 5.2.1 by Boxfuse
2022-03-12 16:06:49,905 INFO org.flywaydb.core.internal.logging.slf4j.Slf4jLog [restartedMain] Database: jdbc:mysql://localhost:3306/dbtest (MySQL 8.0)
2022-03-12 16:06:50,077 INFO org.flywaydb.core.internal.logging.slf4j.Slf4jLog [restartedMain] Successfully validated 1 migration (execution time 00:00.041s)
2022-03-12 16:06:50,093 INFO org.flywaydb.core.internal.logging.slf4j.Slf4jLog [restartedMain] Current version of schema `dbtest`: 1
2022-03-12 16:06:50,093 INFO org.flywaydb.core.internal.logging.slf4j.Slf4jLog [restartedMain] Schema `dbtest` is up to date. No migration necessary.
2022-03-12 16:06:50,999 INFO org.springframework.boot.actuate.endpoint.web.EndpointLinksResolver [restartedMain] Exposing 1 endpoint(s) beneath base path '/actuator'
2022-03-12 16:06:51,155 INFO springfox.documentation.spring.web.PropertySourcedRequestMappingHandlerMapping [restartedMain] Mapped URL path [/v2/api-docs] onto method [springfox.documentation.swagger2.web.Swagger2Controller#getDocumentation(String, HttpServletRequest)]
2022-03-12 16:06:51,320 INFO org.springframework.boot.devtools.autoconfigure.OptionalLiveReloadServer [restartedMain] LiveReload server is running on port 35729
2022-03-12 16:06:51,789 INFO org.apache.juli.logging.DirectJDKLog [restartedMain] Starting ProtocolHandler ["http-nio-8083"]
2022-03-12 16:06:51,836 INFO org.springframework.boot.web.embedded.tomcat.TomcatWebServer [restartedMain] Tomcat started on port(s): 8083 (http) with context path '/api'
2022-03-12 16:06:51,836 INFO springfox.documentation.spring.web.plugins.DocumentationPluginsBootstrapper [restartedMain] Context refreshed
2022-03-12 16:06:51,883 INFO springfox.documentation.spring.web.plugins.DocumentationPluginsBootstrapper [restartedMain] Found 1 custom documentation plugin(s)
2022-03-12 16:06:51,977 INFO springfox.documentation.spring.web.scanners.ApiListingReferenceScanner [restartedMain] Scanning for api listing references
2022-03-12 16:06:52,195 INFO springfox.documentation.spring.web.readers.operation.CachingOperationNameGenerator [restartedMain] Generating unique operation named: crearUsingPOST_1
2022-03-12 16:06:52,211 INFO springfox.documentation.spring.web.readers.operation.CachingOperationNameGenerator [restartedMain] Generating unique operation named: crearUsingPOST_2
2022-03-12 16:06:52,211 INFO springfox.documentation.spring.web.readers.operation.CachingOperationNameGenerator [restartedMain] Generating unique operation named: eliminarUsingDELETE_1
2022-03-12 16:06:52,226 INFO springfox.documentation.spring.web.readers.operation.CachingOperationNameGenerator [restartedMain] Generating unique operation named: listarUsingGET_1
2022-03-12 16:06:52,242 INFO springfox.documentation.spring.web.readers.operation.CachingOperationNameGenerator [restartedMain] Generating unique operation named: listarUsingGET_2
2022-03-12 16:06:52,305 INFO org.springframework.boot.StartupInfoLogger [restartedMain] Started Application in 8.778 seconds (JVM running for 10.377)
2022-03-12 16:06:53,664 INFO org.apache.juli.logging.DirectJDKLog [RMI TCP Connection(3)-192.168.20.113] Initializing Spring DispatcherServlet 'dispatcherServlet'
2022-03-12 16:06:53,664 INFO org.springframework.web.servlet.FrameworkServlet [RMI TCP Connection(3)-192.168.20.113] Initializing Servlet 'dispatcherServlet'
2022-03-12 16:06:53,664 INFO org.springframework.web.servlet.FrameworkServlet [RMI TCP Connection(3)-192.168.20.113] Completed initialization in 0 ms
2022-03-12 16:07:02,727 INFO com.zaxxer.hikari.HikariDataSource [SpringApplicationShutdownHook] pool - Shutdown initiated...
2022-03-12 16:07:02,758 INFO com.zaxxer.hikari.HikariDataSource [SpringApplicationShutdownHook] pool - Shutdown completed.
